<?xml version="1.0" encoding="UTF-8"?>
<testsuite xmlns:xsi="http://www.w3.org/2001/XMLSchema-instance" xsi:noNamespaceSchemaLocation="https://maven.apache.org/surefire/maven-surefire-plugin/xsd/surefire-test-report-3.0.xsd" version="3.0" name="br.com.votacao.VotacaoApplicationTests" time="8.163" tests="1" errors="0" skipped="0" failures="0">
  <properties>
[...]
</properties>
  <testcase name="contextLoads" classname="br.com.votacao.VotacaoApplicationTests" time="0">
    <system-out><![CDATA[09:57:47.061 [main] DEBUG org.springframework.test.context.junit4.SpringJUnit4ClassRunner - SpringJUnit4ClassRunner constructor called with [class br.com.votacao.VotacaoApplicationTests]
09:57:47.061 [main] DEBUG org.springframework.test.context.BootstrapUtils - Instantiating CacheAwareContextLoaderDelegate from class [org.springframework.test.context.cache.DefaultCacheAwareContextLoaderDelegate]
09:57:47.061 [main] DEBUG org.springframework.test.context.BootstrapUtils - Instantiating BootstrapContext using constructor [public org.springframework.test.context.support.DefaultBootstrapContext(java.lang.Class,org.springframework.test.context.CacheAwareContextLoaderDelegate)]
09:57:47.108 [main] DEBUG org.springframework.test.context.BootstrapUtils - Instantiating TestContextBootstrapper for test class [br.com.votacao.VotacaoApplicationTests] from class [org.springframework.boot.test.context.SpringBootTestContextBootstrapper]
09:57:47.108 [main] INFO org.springframework.boot.test.context.SpringBootTestContextBootstrapper - Neither @ContextConfiguration nor @ContextHierarchy found for test class [br.com.votacao.VotacaoApplicationTests], using SpringBootContextLoader
09:57:47.123 [main] DEBUG org.springframework.test.context.support.AbstractContextLoader - Did not detect default resource location for test class [br.com.votacao.VotacaoApplicationTests]: class path resource [br/com/votacao/VotacaoApplicationTests-context.xml] does not exist
09:57:47.123 [main] DEBUG org.springframework.test.context.support.AbstractContextLoader - Did not detect default resource location for test class [br.com.votacao.VotacaoApplicationTests]: class path resource [br/com/votacao/VotacaoApplicationTestsContext.groovy] does not exist
09:57:47.123 [main] INFO org.springframework.test.context.support.AbstractContextLoader - Could not detect default resource locations for test class [br.com.votacao.VotacaoApplicationTests]: no resource found for suffixes {-context.xml, Context.groovy}.
09:57:47.123 [main] INFO org.springframework.test.context.support.AnnotationConfigContextLoaderUtils - Could not detect default configuration classes for test class [br.com.votacao.VotacaoApplicationTests]: VotacaoApplicationTests does not declare any static, non-private, non-final, nested classes annotated with @Configuration.
09:57:47.170 [main] DEBUG org.springframework.test.context.support.ActiveProfilesUtils - Could not find an 'annotation declaring class' for annotation type [org.springframework.test.context.ActiveProfiles] and class [br.com.votacao.VotacaoApplicationTests]
09:57:47.249 [main] DEBUG org.springframework.context.annotation.ClassPathScanningCandidateComponentProvider - Identified candidate component class: file [C:\projetos-java\votacao-service\target\classes\br\com\votacao\VotacaoApplication.class]
09:57:47.249 [main] INFO org.springframework.boot.test.context.SpringBootTestContextBootstrapper - Found @SpringBootConfiguration br.com.votacao.VotacaoApplication for test class br.com.votacao.VotacaoApplicationTests
09:57:47.380 [main] DEBUG org.springframework.boot.test.context.SpringBootTestContextBootstrapper - @TestExecutionListeners is not present for class [br.com.votacao.VotacaoApplicationTests]: using defaults.
09:57:47.380 [main] INFO org.springframework.boot.test.context.SpringBootTestContextBootstrapper - Loaded default TestExecutionListener class names from location [META-INF/spring.factories]: [org.springframework.boot.test.mock.mockito.MockitoTestExecutionListener, org.springframework.boot.test.mock.mockito.ResetMocksTestExecutionListener, org.springframework.boot.test.autoconfigure.restdocs.RestDocsTestExecutionListener, org.springframework.boot.test.autoconfigure.web.client.MockRestServiceServerResetTestExecutionListener, org.springframework.boot.test.autoconfigure.web.servlet.MockMvcPrintOnlyOnFailureTestExecutionListener, org.springframework.boot.test.autoconfigure.web.servlet.WebDriverTestExecutionListener, org.springframework.boot.test.autoconfigure.webservices.client.MockWebServiceServerTestExecutionListener, org.springframework.test.context.web.ServletTestExecutionListener, org.springframework.test.context.support.DirtiesContextBeforeModesTestExecutionListener, org.springframework.test.context.event.ApplicationEventsTestExecutionListener, org.springframework.test.context.support.DependencyInjectionTestExecutionListener, org.springframework.test.context.support.DirtiesContextTestExecutionListener, org.springframework.test.context.transaction.TransactionalTestExecutionListener, org.springframework.test.context.jdbc.SqlScriptsTestExecutionListener, org.springframework.test.context.event.EventPublishingTestExecutionListener]
09:57:47.396 [main] INFO org.springframework.boot.test.context.SpringBootTestContextBootstrapper - Using TestExecutionListeners: [org.springframework.test.context.web.ServletTestExecutionListener@9255c05, org.springframework.test.context.support.DirtiesContextBeforeModesTestExecutionListener@5da7cee2, org.springframework.test.context.event.ApplicationEventsTestExecutionListener@78830d9a, org.springframework.boot.test.mock.mockito.MockitoTestExecutionListener@5ce4369b, org.springframework.boot.test.autoconfigure.SpringBootDependencyInjectionTestExecutionListener@7f829c76, org.springframework.test.context.support.DirtiesContextTestExecutionListener@1cb19dba, org.springframework.test.context.transaction.TransactionalTestExecutionListener@7c3ebc6b, org.springframework.test.context.jdbc.SqlScriptsTestExecutionListener@1931d99, org.springframework.test.context.event.EventPublishingTestExecutionListener@6a9950f1, org.springframework.boot.test.mock.mockito.ResetMocksTestExecutionListener@7ad54c55, org.springframework.boot.test.autoconfigure.restdocs.RestDocsTestExecutionListener@73017a80, org.springframework.boot.test.autoconfigure.web.client.MockRestServiceServerResetTestExecutionListener@6ae7deac, org.springframework.boot.test.autoconfigure.web.servlet.MockMvcPrintOnlyOnFailureTestExecutionListener@4a5905d9, org.springframework.boot.test.autoconfigure.web.servlet.WebDriverTestExecutionListener@1a3e5f23, org.springframework.boot.test.autoconfigure.webservices.client.MockWebServiceServerTestExecutionListener@6293e39e]
09:57:47.396 [main] DEBUG org.springframework.test.annotation.ProfileValueUtils - Retrieved @ProfileValueSourceConfiguration [null] for test class [br.com.votacao.VotacaoApplicationTests]
09:57:47.396 [main] DEBUG org.springframework.test.annotation.ProfileValueUtils - Retrieved ProfileValueSource type [class org.springframework.test.annotation.SystemProfileValueSource] for class [br.com.votacao.VotacaoApplicationTests]
09:57:47.396 [main] DEBUG org.springframework.test.annotation.ProfileValueUtils - Retrieved @ProfileValueSourceConfiguration [null] for test class [br.com.votacao.VotacaoApplicationTests]
09:57:47.396 [main] DEBUG org.springframework.test.annotation.ProfileValueUtils - Retrieved ProfileValueSource type [class org.springframework.test.annotation.SystemProfileValueSource] for class [br.com.votacao.VotacaoApplicationTests]
09:57:47.396 [main] DEBUG org.springframework.test.annotation.ProfileValueUtils - Retrieved @ProfileValueSourceConfiguration [null] for test class [br.com.votacao.VotacaoApplicationTests]
09:57:47.396 [main] DEBUG org.springframework.test.annotation.ProfileValueUtils - Retrieved ProfileValueSource type [class org.springframework.test.annotation.SystemProfileValueSource] for class [br.com.votacao.VotacaoApplicationTests]
09:57:47.396 [main] DEBUG org.springframework.test.annotation.ProfileValueUtils - Retrieved @ProfileValueSourceConfiguration [null] for test class [br.com.votacao.VotacaoApplicationTests]
09:57:47.396 [main] DEBUG org.springframework.test.annotation.ProfileValueUtils - Retrieved ProfileValueSource type [class org.springframework.test.annotation.SystemProfileValueSource] for class [br.com.votacao.VotacaoApplicationTests]
09:57:47.396 [main] DEBUG org.springframework.test.annotation.ProfileValueUtils - Retrieved @ProfileValueSourceConfiguration [null] for test class [br.com.votacao.VotacaoApplicationTests]
09:57:47.396 [main] DEBUG org.springframework.test.annotation.ProfileValueUtils - Retrieved ProfileValueSource type [class org.springframework.test.annotation.SystemProfileValueSource] for class [br.com.votacao.VotacaoApplicationTests]
09:57:47.411 [main] DEBUG org.springframework.test.context.support.AbstractDirtiesContextTestExecutionListener - Before test class: context [DefaultTestContext@33cbfa57 testClass = VotacaoApplicationTests, testInstance = [null], testMethod = [null], testException = [null], mergedContextConfiguration = [WebMergedContextConfiguration@1d96d872 testClass = VotacaoApplicationTests, locations = '{}', classes = '{class br.com.votacao.VotacaoApplication}', contextInitializerClasses = '[]', activeProfiles = '{}', propertySourceLocations = '{}', propertySourceProperties = '{org.springframework.boot.test.context.SpringBootTestContextBootstrapper=true}', contextCustomizers = set[org.springframework.boot.test.context.filter.ExcludeFilterContextCustomizer@39ce27f2, org.springframework.boot.test.json.DuplicateJsonObjectContextCustomizerFactory$DuplicateJsonObjectContextCustomizer@28782602, org.springframework.boot.test.mock.mockito.MockitoContextCustomizer@0, org.springframework.boot.test.web.client.TestRestTemplateContextCustomizer@56193c7d, org.springframework.boot.test.autoconfigure.actuate.metrics.MetricsExportContextCustomizerFactory$DisableMetricExportContextCustomizer@3088660d, org.springframework.boot.test.autoconfigure.properties.PropertyMappingContextCustomizer@0, org.springframework.boot.test.autoconfigure.web.servlet.WebDriverContextCustomizerFactory$Customizer@775594f2, org.springframework.boot.test.context.SpringBootTestArgs@1, org.springframework.boot.test.context.SpringBootTestWebEnvironment@4f8caaf3], resourceBasePath = 'src/main/webapp', contextLoader = 'org.springframework.boot.test.context.SpringBootContextLoader', parent = [null]], attributes = map['org.springframework.test.context.web.ServletTestExecutionListener.activateListener' -> true]], class annotated with @DirtiesContext [false] with mode [null].
09:57:47.411 [main] DEBUG org.springframework.test.annotation.ProfileValueUtils - Retrieved @ProfileValueSourceConfiguration [null] for test class [br.com.votacao.VotacaoApplicationTests]
09:57:47.411 [main] DEBUG org.springframework.test.annotation.ProfileValueUtils - Retrieved ProfileValueSource type [class org.springframework.test.annotation.SystemProfileValueSource] for class [br.com.votacao.VotacaoApplicationTests]
09:57:47.442 [main] DEBUG org.springframework.test.context.support.TestPropertySourceUtils - Adding inlined properties to environment: {spring.jmx.enabled=false, org.springframework.boot.test.context.SpringBootTestContextBootstrapper=true}

  .   ____          _            __ _ _
 /\\ / ___'_ __ _ _(_)_ __  __ _ \ \ \ \
( ( )\___ | '_ | '_| | '_ \/ _` | \ \ \ \
 \\/  ___)| |_)| | | | | || (_| |  ) ) ) )
  '  |____| .__|_| |_|_| |_\__, | / / / /
 =========|_|==============|___/=/_/_/_/
 :: Spring Boot ::                (v2.4.3)

2021-03-15 09:57:47.754  INFO 22488 --- [           main] br.com.votacao.VotacaoApplicationTests   : Starting VotacaoApplicationTests using Java 15.0.2 on LAPTOP-7HCHGB3L with PID 22488 (started by eders in C:\projetos-java\votacao-service)
2021-03-15 09:57:47.754  INFO 22488 --- [           main] br.com.votacao.VotacaoApplicationTests   : No active profile set, falling back to default profiles: default
2021-03-15 09:57:48.921  INFO 22488 --- [           main] .s.d.r.c.RepositoryConfigurationDelegate : Bootstrapping Spring Data JPA repositories in DEFAULT mode.
2021-03-15 09:57:49.000  INFO 22488 --- [           main] .s.d.r.c.RepositoryConfigurationDelegate : Finished Spring Data repository scanning in 68 ms. Found 3 JPA repository interfaces.
2021-03-15 09:57:50.097  INFO 22488 --- [           main] o.hibernate.jpa.internal.util.LogHelper  : HHH000204: Processing PersistenceUnitInfo [name: default]
2021-03-15 09:57:50.176  INFO 22488 --- [           main] org.hibernate.Version                    : HHH000412: Hibernate ORM core version 5.4.28.Final
2021-03-15 09:57:50.222  INFO 22488 --- [           main] o.hibernate.annotations.common.Version   : HCANN000001: Hibernate Commons Annotations {5.1.2.Final}
2021-03-15 09:57:50.418  INFO 22488 --- [           main] com.zaxxer.hikari.HikariDataSource       : HikariPool-1 - Starting...
2021-03-15 09:57:50.914  INFO 22488 --- [           main] com.zaxxer.hikari.HikariDataSource       : HikariPool-1 - Start completed.
2021-03-15 09:57:50.946  INFO 22488 --- [           main] org.hibernate.dialect.Dialect            : HHH000400: Using dialect: org.hibernate.dialect.MySQL5Dialect
Hibernate: 
    
    alter table sessao 
       add constraint FKbc3ehywka7s7yk4j1bb51hgnf 
       foreign key (pauta_id) 
       references pauta (id)
Hibernate: 
    
    alter table voto 
       add constraint FKfgj7pqu54afvx0dpuf0ecxox5 
       foreign key (pauta_id) 
       references pauta (id)
2021-03-15 09:57:51.945  INFO 22488 --- [           main] o.h.e.t.j.p.i.JtaPlatformInitiator       : HHH000490: Using JtaPlatform implementation: [org.hibernate.engine.transaction.jta.platform.internal.NoJtaPlatform]
2021-03-15 09:57:51.967  INFO 22488 --- [           main] j.LocalContainerEntityManagerFactoryBean : Initialized JPA EntityManagerFactory for persistence unit 'default'
2021-03-15 09:57:53.091  WARN 22488 --- [           main] JpaBaseConfiguration$JpaWebConfiguration : spring.jpa.open-in-view is enabled by default. Therefore, database queries may be performed during view rendering. Explicitly configure spring.jpa.open-in-view to disable this warning
2021-03-15 09:57:53.496  INFO 22488 --- [           main] o.s.b.a.e.web.EndpointLinksResolver      : Exposing 2 endpoint(s) beneath base path '/actuator'
2021-03-15 09:57:53.711  INFO 22488 --- [           main] pertySourcedRequestMappingHandlerMapping : Mapped URL path [/v2/api-docs] onto method [springfox.documentation.swagger2.web.Swagger2Controller#getDocumentation(String, HttpServletRequest)]
2021-03-15 09:57:53.974  INFO 22488 --- [           main] o.s.s.concurrent.ThreadPoolTaskExecutor  : Initializing ExecutorService 'applicationTaskExecutor'
2021-03-15 09:57:54.417  INFO 22488 --- [           main] d.s.w.p.DocumentationPluginsBootstrapper : Context refreshed
2021-03-15 09:57:54.449  INFO 22488 --- [           main] d.s.w.p.DocumentationPluginsBootstrapper : Found 1 custom documentation plugin(s)
2021-03-15 09:57:54.482  INFO 22488 --- [           main] s.d.s.w.s.ApiListingReferenceScanner     : Scanning for api listing references
2021-03-15 09:57:54.639  INFO 22488 --- [           main] .d.s.w.r.o.CachingOperationNameGenerator : Generating unique operation named: allUsingGET_1
2021-03-15 09:57:54.655  INFO 22488 --- [           main] .d.s.w.r.o.CachingOperationNameGenerator : Generating unique operation named: deleteUsingDELETE_1
2021-03-15 09:57:54.686  INFO 22488 --- [           main] .d.s.w.r.o.CachingOperationNameGenerator : Generating unique operation named: allUsingGET_2
2021-03-15 09:57:54.686  INFO 22488 --- [           main] .d.s.w.r.o.CachingOperationNameGenerator : Generating unique operation named: deleteUsingDELETE_2
2021-03-15 09:57:54.717  INFO 22488 --- [           main] br.com.votacao.VotacaoApplicationTests   : Started VotacaoApplicationTests in 7.276 seconds (JVM running for 9.063)
]]></system-out>
  </testcase>
</testsuite>