<?xml version="1.0" encoding="UTF-8"?>
<testsuite xmlns:xsi="http://www.w3.org/2001/XMLSchema-instance" xsi:noNamespaceSchemaLocation="https://maven.apache.org/surefire/maven-surefire-plugin/xsd/surefire-test-report-3.0.xsd" version="3.0" name="br.com.votacao.service.VotoServiceTest" time="0.981" tests="6" errors="0" skipped="0" failures="0">
  <properties>
[...]
</properties>
  <testcase name="votoAlreadyExistsTest" classname="br.com.votacao.service.VotoServiceTest" time="0.851"/>
  <testcase name="votoAlreadyExistssTest" classname="br.com.votacao.service.VotoServiceTest" time="0"/>
  <testcase name="verifyVotoTest" classname="br.com.votacao.service.VotoServiceTest" time="0.015"/>
  <testcase name="cpfAbleToVoteTest" classname="br.com.votacao.service.VotoServiceTest" time="0.032"/>
  <testcase name="cpfAbleToVote2Test" classname="br.com.votacao.service.VotoServiceTest" time="0"/>
  <testcase name="cpfAbleToVote3Test" classname="br.com.votacao.service.VotoServiceTest" time="0"/>
</testsuite>